<?xml version="1.0" encoding="UTF-8"?>
<!-- Generated by org.testng.reporters.JUnitReportReporter -->
<testsuite hostname="DESKTOP-1AO5130" failures="0" tests="14" name="testcases.FlightFieldsValidation" time="7.762" errors="0" timestamp="2021-05-18T18:02:06 EDT" skipped="0">
  <testcase classname="testcases.FlightFieldsValidation" name="airportFromFieldClick" time="0.098"/>
  <system-out/>
  <testcase classname="testcases.FlightFieldsValidation" name="airportFromSearchCheck" time="0.046"/>
  <system-out/>
  <testcase classname="testcases.FlightFieldsValidation" name="checkListAirsFrom" time="0.692"/>
  <system-out/>
  <testcase classname="testcases.FlightFieldsValidation" name="airportArrivalChoose" time="0.098"/>
  <system-out/>
  <testcase classname="testcases.FlightFieldsValidation" name="airportToFieldClick" time="0.066"/>
  <system-out/>
  <testcase classname="testcases.FlightFieldsValidation" name="airportToSearchCheck" time="0.043"/>
  <system-out/>
  <testcase classname="testcases.FlightFieldsValidation" name="checkListAirsTo" time="0.671"/>
  <system-out/>
  <testcase classname="testcases.FlightFieldsValidation" name="airportDestinationChoose" time="0.192"/>
  <system-out/>
  <testcase classname="testcases.FlightFieldsValidation" name="activeDateCheck" time="0.212"/>
  <system-out/>
  <testcase classname="testcases.FlightFieldsValidation" name="plusMinusDatesChoose" time="0.081"/>
  <system-out/>
  <testcase classname="testcases.FlightFieldsValidation" name="dateTripChoose" time="1.991"/>
  <system-out/>
  <testcase classname="testcases.FlightFieldsValidation" name="languageChoose" time="0.069"/>
  <system-out/>
  <testcase classname="testcases.FlightFieldsValidation" name="chooseTravelAirline" time="0.075"/>
  <system-out/>
  <testcase classname="testcases.FlightFieldsValidation" name="buttonSearchClick" time="3.428"/>
  <system-out/>
</testsuite> <!-- testcases.FlightFieldsValidation -->
