<?xml version="1.0" encoding="UTF-8"?>
<!-- Generated by org.testng.reporters.JUnitReportReporter -->
<testsuite hostname="DESKTOP-1AO5130" failures="0" tests="5" name="testcases.HomePageSearchValidation" time="4.510" errors="0" timestamp="2021-06-02T22:10:27 EDT" skipped="0">
  <testcase classname="testcases.HomePageSearchValidation" name="getSearchField" time="0.901"/>
  <system-out/>
  <testcase classname="testcases.HomePageSearchValidation" name="getSearchField" time="0.931"/>
  <system-out/>
  <testcase classname="testcases.HomePageSearchValidation" name="getSearchField" time="0.879"/>
  <system-out/>
  <testcase classname="testcases.HomePageSearchValidation" name="getSearchField" time="0.900"/>
  <system-out/>
  <testcase classname="testcases.HomePageSearchValidation" name="getSearchField" time="0.899"/>
  <system-out/>
</testsuite> <!-- testcases.HomePageSearchValidation -->
