<?xml version="1.0" encoding="UTF-8"?>
<!-- Generated by org.testng.reporters.JUnitReportReporter -->
<testsuite hostname="DESKTOP-1AO5130" failures="1" tests="1" name="testcases.HomePageAmaCheck" time="170.504" errors="0" timestamp="2021-06-02T22:06:06 EDT" skipped="0">
  <testcase classname="testcases.HomePageAmaCheck" name="getAmountBrokenLinksOnPage" time="170.504">
    <failure message="The following asserts failed:
	503 -:- https://www.amazon.ca/gp/registry/wishlist?triggerElementID=createList&amp;ref_=nav_ListFlyout_gno_createwl expected [true] but found [false],
	403 -:- https://www.amazon.ca/gp/css/homepage.html?ref_=nav_AccountFlyout_ya expected [true] but found [false],
	403 -:- https://www.amazon.ca/business/register/org/landing?ref_=nav_AccountFlyout_b2b_reg expected [true] but found [false],
	503 -:- https://www.amazon.ca/Best-Sellers-generic/zgbs/?ref_=nav_cs_bestsellers_5e07a0361d744326ae799da4b354adca expected [true] but found [false],
	503 -:- https://www.amazon.ca/gp/help/customer/display.html?ref_=nav_cs_help_80966742f8c54e26897f6ff675864430 expected [true] but found [false],
	503 -:- https://www.amazon.ca/gp/browse.html?node=2206275011&amp;ref_=nav_cs_home_e30810812540476da315f95f4c1cba0c expected [true] but found [false],
	503 -:- https://www.amazon.ca/b/?node=12218500011&amp;ref_=nav_cs_coupons_5c0b5095bded47dc9dbbe58103090fe1 expected [true] but found [false],
	503 -:- https://www.amazon.ca/Health-Personal-Care/b/?ie=UTF8&amp;node=6205177011&amp;ref_=nav_cs_hpc_389588d101974a76b1f2a1aec6148be2 expected [true] but found [false],
	503 -:- https://www.amazon.ca/video-games-hardware-accessories/b/?ie=UTF8&amp;node=3198031&amp;ref_=nav_cs_video_games_96df7f31fc134377b70784ea57f4ff5c expected [true] but found [false],
	503 -:- https://www.amazon.ca/automotive/b/?ie=UTF8&amp;node=6948389011&amp;ref_=nav_cs_automotive_df4975bd27a649d59f0a0f346158957a expected [true] but found [false],
	503 -:- https://www.amazon.ca/grocery/b/?ie=UTF8&amp;node=6967215011&amp;ref_=nav_cs_grocery_96a59c746dd945d6a7d9911411f06a1b expected [true] but found [false],
	503 -:- https://www.amazon.ca/Beauty/b/?ie=UTF8&amp;node=6205124011&amp;ref_=nav_cs_beauty_46f9bd5d21484218b9b15a4779dcd14a expected [true] but found [false],
	503 -:- https://www.amazon.ca/gp/browse.html?node=2972705011&amp;ref_=nav_cs_kindle_books_30c4ac32cf754895b19193fffbb9870c expected [true] but found [false],
	503 -:- https://www.amazon.ca/gp/browse.html?node=19700946011&amp;ref_=nav_cs_registry_e33c68e88c844208a181299c83810267 expected [true] but found [false],
	503 -:- https://www.amazon.ca/gp/browse.html?node=17386909011&amp;ref_=ods_gw_evg_gwd_btf_smp_quad2_en_06011 expected [true] but found [false],
	503 -:- https://www.amazon.ca/stores/page/41142C83-E6F1-4111-9920-256E042CFC98 expected [true] but found [false],
	503 -:- https://www.amazon.ca/Crate-61-essential-lemongrass-grapefruit/dp/B07CL4G9CF/?_encoding=UTF8&amp;pd_rd_w=2lUnZ&amp;pf_rd_p=4cea6f64-eab2-4d91-8926-ca33871b7619&amp;pf_rd_r=20WSD1GPYE79B706TWPQ&amp;pd_rd_r=7a7829d9-690d-4aaa-b2c7-262ef26c0e6c&amp;pd_rd_wg=6Peg4&amp;ref_=pd_gw_trq_ed expected [true] but found [false],
	503 -:- https://www.amazon.ca/Rose-Leven-Moroccan-Rosewater-Hydrosol/dp/B016LC861A/?_encoding=UTF8&amp;pd_rd_w=2lUnZ&amp;pf_rd_p=4cea6f64-eab2-4d91-8926-ca33871b7619&amp;pf_rd_r=20WSD1GPYE79B706TWPQ&amp;pd_rd_r=7a7829d9-690d-4aaa-b2c7-262ef26c0e6c&amp;pd_rd_wg=6Peg4&amp;ref_=pd_gw_trq_ed expected [true] but found [false],
	503 -:- https://www.amazon.ca/Teals-lavender-epsom-salts-kilogram/dp/B071YLD8J6/?_encoding=UTF8&amp;pd_rd_w=2lUnZ&amp;pf_rd_p=4cea6f64-eab2-4d91-8926-ca33871b7619&amp;pf_rd_r=20WSD1GPYE79B706TWPQ&amp;pd_rd_r=7a7829d9-690d-4aaa-b2c7-262ef26c0e6c&amp;pd_rd_wg=6Peg4&amp;ref_=pd_gw_trq_ed expected [true] but found [false],
	503 -:- https://www.amazon.ca/Oral-B-Sensitive-Replacement-Electric-Toothbrush/dp/B00006ANDK/?_encoding=UTF8&amp;pd_rd_w=2lUnZ&amp;pf_rd_p=4cea6f64-eab2-4d91-8926-ca33871b7619&amp;pf_rd_r=20WSD1GPYE79B706TWPQ&amp;pd_rd_r=7a7829d9-690d-4aaa-b2c7-262ef26c0e6c&amp;pd_rd_wg=6Peg4&amp;ref_=pd_gw_trq_ed expected [true] but found [false],
	503 -:- https://www.amazon.ca/CeraVe-Moisturizing-Lightweight-Moisturizer-Milliliters/dp/B083GG19DS/?_encoding=UTF8&amp;pd_rd_w=2lUnZ&amp;pf_rd_p=4cea6f64-eab2-4d91-8926-ca33871b7619&amp;pf_rd_r=20WSD1GPYE79B706TWPQ&amp;pd_rd_r=7a7829d9-690d-4aaa-b2c7-262ef26c0e6c&amp;pd_rd_wg=6Peg4&amp;ref_=pd_gw_trq_ed expected [true] but found [false],
	503 -:- https://www.amazon.ca/Nintendo-Switch-Neon-Blue-Joy%E2%80%91/dp/B07VGRJDFY/?_encoding=UTF8&amp;pd_rd_w=Es9bG&amp;pf_rd_p=0d524680-5784-4706-81b2-6c35f269f5bd&amp;pf_rd_r=20WSD1GPYE79B706TWPQ&amp;pd_rd_r=7a7829d9-690d-4aaa-b2c7-262ef26c0e6c&amp;pd_rd_wg=6Peg4&amp;ref_=pd_gw_crs_zg_bs_3198031 expected [true] but found [false],
	503 -:- https://www.amazon.ca/Elgato-Game-Capture-HD60-technology/dp/B01DRWCOGA/?_encoding=UTF8&amp;pd_rd_w=Es9bG&amp;pf_rd_p=0d524680-5784-4706-81b2-6c35f269f5bd&amp;pf_rd_r=20WSD1GPYE79B706TWPQ&amp;pd_rd_r=7a7829d9-690d-4aaa-b2c7-262ef26c0e6c&amp;pd_rd_wg=6Peg4&amp;ref_=pd_gw_crs_zg_bs_3198031 expected [true] but found [false],
	503 -:- https://www.amazon.ca/Legend-Zelda-Breath-Wild-Switch/dp/B01N33O68B/?_encoding=UTF8&amp;pd_rd_w=Es9bG&amp;pf_rd_p=0d524680-5784-4706-81b2-6c35f269f5bd&amp;pf_rd_r=20WSD1GPYE79B706TWPQ&amp;pd_rd_r=7a7829d9-690d-4aaa-b2c7-262ef26c0e6c&amp;pd_rd_wg=6Peg4&amp;ref_=pd_gw_crs_zg_bs_3198031 expected [true] but found [false],
	503 -:- https://www.amazon.ca/Nintendo-HCCPADFJA-Super-Mario-Party/dp/B07DQ7KC8Q/?_encoding=UTF8&amp;pd_rd_w=Es9bG&amp;pf_rd_p=0d524680-5784-4706-81b2-6c35f269f5bd&amp;pf_rd_r=20WSD1GPYE79B706TWPQ&amp;pd_rd_r=7a7829d9-690d-4aaa-b2c7-262ef26c0e6c&amp;pd_rd_wg=6Peg4&amp;ref_=pd_gw_crs_zg_bs_3198031 expected [true] but found [false],
	503 -:- https://www.amazon.ca/SanDisk-MicroSDXC-Nintendo-Switch-SDSQXAO-128G-GNCZN/dp/B07KXQX3S3/?_encoding=UTF8&amp;pd_rd_w=Es9bG&amp;pf_rd_p=0d524680-5784-4706-81b2-6c35f269f5bd&amp;pf_rd_r=20WSD1GPYE79B706TWPQ&amp;pd_rd_r=7a7829d9-690d-4aaa-b2c7-262ef26c0e6c&amp;pd_rd_wg=6Peg4&amp;ref_=pd_gw_crs_zg_bs_3198031 expected [true] but found [false],
	503 -:- https://www.amazon.ca/PULSE-3D-Wireless-Headset-Pulse/dp/B08GSBRR9Q/?_encoding=UTF8&amp;pd_rd_w=Es9bG&amp;pf_rd_p=0d524680-5784-4706-81b2-6c35f269f5bd&amp;pf_rd_r=20WSD1GPYE79B706TWPQ&amp;pd_rd_r=7a7829d9-690d-4aaa-b2c7-262ef26c0e6c&amp;pd_rd_wg=6Peg4&amp;ref_=pd_gw_crs_zg_bs_3198031 expected [true] but found [false],
	503 -:- https://www.amazon.ca/Hammermill-Bright-Letter-Sheets-113620/dp/B06XRMJPJC/?_encoding=UTF8&amp;pd_rd_w=E0oIT&amp;pf_rd_p=4cea6f64-eab2-4d91-8926-ca33871b7619&amp;pf_rd_r=20WSD1GPYE79B706TWPQ&amp;pd_rd_r=7a7829d9-690d-4aaa-b2c7-262ef26c0e6c&amp;pd_rd_wg=6Peg4&amp;ref_=pd_gw_trq_ed expected [true] but found [false],
	503 -:- https://www.amazon.ca/HP-Tri-Color-Original-Cartridges-N9H63FN/dp/B015IZ1E7E/?_encoding=UTF8&amp;pd_rd_w=E0oIT&amp;pf_rd_p=4cea6f64-eab2-4d91-8926-ca33871b7619&amp;pf_rd_r=20WSD1GPYE79B706TWPQ&amp;pd_rd_r=7a7829d9-690d-4aaa-b2c7-262ef26c0e6c&amp;pd_rd_wg=6Peg4&amp;ref_=pd_gw_trq_ed expected [true] but found [false],
	503 -:- https://www.amazon.ca/Public-Mobile-Card-Unlocked-Phones/dp/B07R6P5KBB/?_encoding=UTF8&amp;pd_rd_w=E0oIT&amp;pf_rd_p=4cea6f64-eab2-4d91-8926-ca33871b7619&amp;pf_rd_r=20WSD1GPYE79B706TWPQ&amp;pd_rd_r=7a7829d9-690d-4aaa-b2c7-262ef26c0e6c&amp;pd_rd_wg=6Peg4&amp;ref_=pd_gw_trq_ed expected [true] but found [false],
	503 -:- https://www.amazon.ca/First-100-Words-Roger-Priddy/dp/0312510780/?_encoding=UTF8&amp;pd_rd_w=yNENG&amp;pf_rd_p=0d524680-5784-4706-81b2-6c35f269f5bd&amp;pf_rd_r=20WSD1GPYE79B706TWPQ&amp;pd_rd_r=7a7829d9-690d-4aaa-b2c7-262ef26c0e6c&amp;pd_rd_wg=6Peg4&amp;ref_=pd_gw_crs_zg_bs_916520 expected [true] but found [false],
	503 -:- https://www.amazon.ca/Atlas-Six-Olivie-Blake/dp/167991099X/?_encoding=UTF8&amp;pd_rd_w=yNENG&amp;pf_rd_p=0d524680-5784-4706-81b2-6c35f269f5bd&amp;pf_rd_r=20WSD1GPYE79B706TWPQ&amp;pd_rd_r=7a7829d9-690d-4aaa-b2c7-262ef26c0e6c&amp;pd_rd_wg=6Peg4&amp;ref_=pd_gw_crs_zg_bs_916520 expected [true] but found [false],
	503 -:- https://www.amazon.ca/Five-Little-Indians-Michelle-Good/dp/1443459186/?_encoding=UTF8&amp;pd_rd_w=yNENG&amp;pf_rd_p=0d524680-5784-4706-81b2-6c35f269f5bd&amp;pf_rd_r=20WSD1GPYE79B706TWPQ&amp;pd_rd_r=7a7829d9-690d-4aaa-b2c7-262ef26c0e6c&amp;pd_rd_wg=6Peg4&amp;ref_=pd_gw_crs_zg_bs_916520 expected [true] but found [false],
	503 -:- https://www.amazon.ca/Atomic-Habits-Proven-Build-Break/dp/0735211299/?_encoding=UTF8&amp;pd_rd_w=yNENG&amp;pf_rd_p=0d524680-5784-4706-81b2-6c35f269f5bd&amp;pf_rd_r=20WSD1GPYE79B706TWPQ&amp;pd_rd_r=7a7829d9-690d-4aaa-b2c7-262ef26c0e6c&amp;pd_rd_wg=6Peg4&amp;ref_=pd_gw_crs_zg_bs_916520 expected [true] but found [false],
	503 -:- https://www.amazon.ca/Malibu-Rising-Taylor-Jenkins-Reid/dp/038569220X/?_encoding=UTF8&amp;pd_rd_w=yNENG&amp;pf_rd_p=0d524680-5784-4706-81b2-6c35f269f5bd&amp;pf_rd_r=20WSD1GPYE79B706TWPQ&amp;pd_rd_r=7a7829d9-690d-4aaa-b2c7-262ef26c0e6c&amp;pd_rd_wg=6Peg4&amp;ref_=pd_gw_crs_zg_bs_916520 expected [true] but found [false],
	503 -:- https://www.amazon.ca/Blood-Ash-Jennifer-L-Armentrout/dp/1952457009/?_encoding=UTF8&amp;pd_rd_w=yNENG&amp;pf_rd_p=0d524680-5784-4706-81b2-6c35f269f5bd&amp;pf_rd_r=20WSD1GPYE79B706TWPQ&amp;pd_rd_r=7a7829d9-690d-4aaa-b2c7-262ef26c0e6c&amp;pd_rd_wg=6Peg4&amp;ref_=pd_gw_crs_zg_bs_916520 expected [true] but found [false],
	503 -:- https://www.amazon.ca/Your-Babys-First-Word-Will/dp/125007181X/?_encoding=UTF8&amp;pd_rd_w=yNENG&amp;pf_rd_p=0d524680-5784-4706-81b2-6c35f269f5bd&amp;pf_rd_r=20WSD1GPYE79B706TWPQ&amp;pd_rd_r=7a7829d9-690d-4aaa-b2c7-262ef26c0e6c&amp;pd_rd_wg=6Peg4&amp;ref_=pd_gw_crs_zg_bs_916520 expected [true] but found [false],
	503 -:- https://www.amazon.ca/Goodnight-Moon-Board-Margaret-Brown/dp/0694003611/?_encoding=UTF8&amp;pd_rd_w=yNENG&amp;pf_rd_p=0d524680-5784-4706-81b2-6c35f269f5bd&amp;pf_rd_r=20WSD1GPYE79B706TWPQ&amp;pd_rd_r=7a7829d9-690d-4aaa-b2c7-262ef26c0e6c&amp;pd_rd_wg=6Peg4&amp;ref_=pd_gw_crs_zg_bs_916520 expected [true] but found [false],
	503 -:- https://www.amazon.ca/Its-OK-Different-Childrens-Diversity/dp/0973410450/?_encoding=UTF8&amp;pd_rd_w=yNENG&amp;pf_rd_p=0d524680-5784-4706-81b2-6c35f269f5bd&amp;pf_rd_r=20WSD1GPYE79B706TWPQ&amp;pd_rd_r=7a7829d9-690d-4aaa-b2c7-262ef26c0e6c&amp;pd_rd_wg=6Peg4&amp;ref_=pd_gw_crs_zg_bs_916520 expected [true] but found [false],
	503 -:- https://www.amazon.ca/Mkicesky-Sleeping-Orthopedic-Ergonomic-Pillowcase/dp/B08FJ9737F/ref=br_msw_pdt-1/146-9613179-8350611?_encoding=UTF8&amp;smid=A2LZE0AJFZI27V&amp;pf_rd_m=A3DWYIK6Y9EEQB&amp;pf_rd_s=&amp;pf_rd_r=20WSD1GPYE79B706TWPQ&amp;pf_rd_t=36701&amp;pf_rd_p=6f84c098-94af-45c7-a44a-99e26ef133bb&amp;pf_rd_i=desktop expected [true] but found [false],
	503 -:- https://www.amazon.ca/BOGI-Microfiber-Travel-Sports-Compact/dp/B077VQKR9Y/ref=br_msw_pdt-2/146-9613179-8350611?_encoding=UTF8&amp;smid=A3D24YATG4ZDQZ&amp;pf_rd_m=A3DWYIK6Y9EEQB&amp;pf_rd_s=&amp;pf_rd_r=20WSD1GPYE79B706TWPQ&amp;pf_rd_t=36701&amp;pf_rd_p=6f84c098-94af-45c7-a44a-99e26ef133bb&amp;pf_rd_i=desktop expected [true] but found [false],
	503 -:- https://www.amazon.ca/Premiere-Collection-Comfort-Difference-Charcoal/dp/B07DG3PMWK/ref=br_msw_pdt-4/146-9613179-8350611?_encoding=UTF8&amp;smid=ALSACIQQS2IQL&amp;pf_rd_m=A3DWYIK6Y9EEQB&amp;pf_rd_s=&amp;pf_rd_r=20WSD1GPYE79B706TWPQ&amp;pf_rd_t=36701&amp;pf_rd_p=6f84c098-94af-45c7-a44a-99e26ef133bb&amp;pf_rd_i=desktop expected [true] but found [false],
	503 -:- https://www.amazon.ca/BESTOPE-Synthetic-Foundation-Blending-Concealers/dp/B07BMRVSFS/ref=br_msw_pdt-6/146-9613179-8350611?_encoding=UTF8&amp;smid=A3T1UHEPNW0KQ8&amp;pf_rd_m=A3DWYIK6Y9EEQB&amp;pf_rd_s=&amp;pf_rd_r=20WSD1GPYE79B706TWPQ&amp;pf_rd_t=36701&amp;pf_rd_p=6f84c098-94af-45c7-a44a-99e26ef133bb&amp;pf_rd_i=desktop expected [true] but found [false],
	503 -:- https://www.amazon.ca/RELLECIGA-Womens-Purple-Waisted-Swimwear/dp/B0811LSGYB/ref=br_msw_pdt-10/146-9613179-8350611?_encoding=UTF8&amp;smid=A1Z8HJXEZSSA0O&amp;pf_rd_m=A3DWYIK6Y9EEQB&amp;pf_rd_s=&amp;pf_rd_r=20WSD1GPYE79B706TWPQ&amp;pf_rd_t=36701&amp;pf_rd_p=6f84c098-94af-45c7-a44a-99e26ef133bb&amp;pf_rd_i=desktop expected [true] but found [false],
	503 -:- https://www.amazon.ca/Cadrim-Clothes-Steamer-Portable-Handheld/dp/B083SCZ7K7/ref=br_msw_pdt-11/146-9613179-8350611?_encoding=UTF8&amp;smid=A3QWIRA3CQ13JS&amp;pf_rd_m=A3DWYIK6Y9EEQB&amp;pf_rd_s=&amp;pf_rd_r=20WSD1GPYE79B706TWPQ&amp;pf_rd_t=36701&amp;pf_rd_p=6f84c098-94af-45c7-a44a-99e26ef133bb&amp;pf_rd_i=desktop expected [true] but found [false],
	503 -:- https://www.amazon.ca/Treatment-Promote-Stretch-C-Sections-Surgical/dp/B08Q2Y1S6L/ref=br_msw_pdt-12/146-9613179-8350611?_encoding=UTF8&amp;smid=A2LBT1C022LJC3&amp;pf_rd_m=A3DWYIK6Y9EEQB&amp;pf_rd_s=&amp;pf_rd_r=20WSD1GPYE79B706TWPQ&amp;pf_rd_t=36701&amp;pf_rd_p=6f84c098-94af-45c7-a44a-99e26ef133bb&amp;pf_rd_i=desktop expected [true] but found [false],
	503 -:- https://www.amazon.ca/MLANM-Sleeve-Casual-Slim-fit-Cotton/dp/B08S6XWGTX/ref=br_msw_pdt-14/146-9613179-8350611?_encoding=UTF8&amp;smid=AP2P9RKFCKBNN&amp;pf_rd_m=A3DWYIK6Y9EEQB&amp;pf_rd_s=&amp;pf_rd_r=20WSD1GPYE79B706TWPQ&amp;pf_rd_t=36701&amp;pf_rd_p=6f84c098-94af-45c7-a44a-99e26ef133bb&amp;pf_rd_i=desktop expected [true] but found [false],
	503 -:- https://www.amazon.ca/CeraVe-Hydrating-Cleanser-Sensitive-Fragrance-Free/dp/B0843XGN3H/?_encoding=UTF8&amp;pd_rd_w=WAhKX&amp;pf_rd_p=f95190d3-1242-461e-9e1e-c9293cea0789&amp;pf_rd_r=20WSD1GPYE79B706TWPQ&amp;pd_rd_r=7a7829d9-690d-4aaa-b2c7-262ef26c0e6c&amp;pd_rd_wg=6Peg4&amp;ref_=pd_gw_crs_zg_bs_6205124011 expected [true] but found [false],
	503 -:- https://www.amazon.ca/MelodySusie-Portable-Electric-Nail-Drill/dp/B01H05EDK0/?_encoding=UTF8&amp;pd_rd_w=WAhKX&amp;pf_rd_p=f95190d3-1242-461e-9e1e-c9293cea0789&amp;pf_rd_r=20WSD1GPYE79B706TWPQ&amp;pd_rd_r=7a7829d9-690d-4aaa-b2c7-262ef26c0e6c&amp;pd_rd_wg=6Peg4&amp;ref_=pd_gw_crs_zg_bs_6205124011 expected [true] but found [false],
	503 -:- https://www.amazon.ca/THINKA-PROCEDURE-MASK-EARLOOPS-50pcs/dp/B08K4J9755/?_encoding=UTF8&amp;pd_rd_w=WAhKX&amp;pf_rd_p=f95190d3-1242-461e-9e1e-c9293cea0789&amp;pf_rd_r=20WSD1GPYE79B706TWPQ&amp;pd_rd_r=7a7829d9-690d-4aaa-b2c7-262ef26c0e6c&amp;pd_rd_wg=6Peg4&amp;ref_=pd_gw_crs_zg_bs_6205124011 expected [true] but found [false],
	503 -:- https://www.amazon.ca/b?node=18265355011 expected [true] but found [false],
	503 -:- https://www.amazon.ca/Brightening-Hyaluronic-Fragrance-Dermatologist-Recommended/dp/B07Q4PY2DQ/ expected [true] but found [false],
	503 -:- https://www.amazon.ca/BABOR-CLEANSING-Rose-Toning-Essence/dp/B074KJ5KZS/ expected [true] but found [false],
	503 -:- https://www.amazon.ca/Mario-Badescu-Glycolic-Acid-Toner/dp/B000PHZ7HO/ expected [true] but found [false],
	503 -:- https://www.amazon.ca/b/?&amp;node=2618860011&amp;pd_rd_w=q1vxB&amp;pf_rd_p=ca4446e4-1083-4d6c-9a85-b039bd62054b&amp;pf_rd_r=20WSD1GPYE79B706TWPQ&amp;pd_rd_r=7a7829d9-690d-4aaa-b2c7-262ef26c0e6c&amp;pd_rd_wg=6Peg4 expected [true] but found [false],
	503 -:- https://www.amazon.ca/Tomb-Raider-Bilingual-Blu-Ray-Digital/dp/B07BZBCWV8/?_encoding=UTF8&amp;pd_rd_w=q1vxB&amp;pf_rd_p=ca4446e4-1083-4d6c-9a85-b039bd62054b&amp;pf_rd_r=20WSD1GPYE79B706TWPQ&amp;pd_rd_r=7a7829d9-690d-4aaa-b2c7-262ef26c0e6c&amp;pd_rd_wg=6Peg4&amp;ref_=pd_gw_unk expected [true] but found [false],
	503 -:- https://www.amazon.ca/Panther-Blu-ray-Bilingual-Chadwick-Boseman/dp/B079FLP3R2/?_encoding=UTF8&amp;pd_rd_w=q1vxB&amp;pf_rd_p=ca4446e4-1083-4d6c-9a85-b039bd62054b&amp;pf_rd_r=20WSD1GPYE79B706TWPQ&amp;pd_rd_r=7a7829d9-690d-4aaa-b2c7-262ef26c0e6c&amp;pd_rd_wg=6Peg4&amp;ref_=pd_gw_unk expected [true] but found [false],
	503 -:- https://www.amazon.ca/Star-Wars-Episode-Blu-ray-Bilingual/dp/B0788FL36D/?_encoding=UTF8&amp;pd_rd_w=q1vxB&amp;pf_rd_p=ca4446e4-1083-4d6c-9a85-b039bd62054b&amp;pf_rd_r=20WSD1GPYE79B706TWPQ&amp;pd_rd_r=7a7829d9-690d-4aaa-b2c7-262ef26c0e6c&amp;pd_rd_wg=6Peg4&amp;ref_=pd_gw_unk expected [true] but found [false],
	503 -:- https://www.amazon.ca/Wonder-Woman-Blu-ray-Chris-Wright/dp/B071LSNTVC/?_encoding=UTF8&amp;pd_rd_w=q1vxB&amp;pf_rd_p=ca4446e4-1083-4d6c-9a85-b039bd62054b&amp;pf_rd_r=20WSD1GPYE79B706TWPQ&amp;pd_rd_r=7a7829d9-690d-4aaa-b2c7-262ef26c0e6c&amp;pd_rd_wg=6Peg4&amp;ref_=pd_gw_unk expected [true] but found [false],
	503 -:- https://www.amazon.ca/Spider-Man-Homecoming-Bilingual-Tom-Holland/dp/B073S1R6KJ/?_encoding=UTF8&amp;pd_rd_w=q1vxB&amp;pf_rd_p=ca4446e4-1083-4d6c-9a85-b039bd62054b&amp;pf_rd_r=20WSD1GPYE79B706TWPQ&amp;pd_rd_r=7a7829d9-690d-4aaa-b2c7-262ef26c0e6c&amp;pd_rd_wg=6Peg4&amp;ref_=pd_gw_unk expected [true] but found [false],
	503 -:- https://www.amazon.ca/Rise-Planet-Apes-Bilingual-Blu-ray/dp/B00JF5G8V6/?_encoding=UTF8&amp;pd_rd_w=q1vxB&amp;pf_rd_p=ca4446e4-1083-4d6c-9a85-b039bd62054b&amp;pf_rd_r=20WSD1GPYE79B706TWPQ&amp;pd_rd_r=7a7829d9-690d-4aaa-b2c7-262ef26c0e6c&amp;pd_rd_wg=6Peg4&amp;ref_=pd_gw_unk expected [true] but found [false],
	503 -:- https://www.amazon.ca/X-Men-Ultimate-Blu-ray-Digital-Bilingual/dp/B00KI2FYC4/?_encoding=UTF8&amp;pd_rd_w=q1vxB&amp;pf_rd_p=ca4446e4-1083-4d6c-9a85-b039bd62054b&amp;pf_rd_r=20WSD1GPYE79B706TWPQ&amp;pd_rd_r=7a7829d9-690d-4aaa-b2c7-262ef26c0e6c&amp;pd_rd_wg=6Peg4&amp;ref_=pd_gw_unk expected [true] but found [false],
	503 -:- https://www.amazon.ca/Titanic-Blu-ray-Digital-Sous-titres-fran%C3%A7ais/dp/B007UPWIZ8/?_encoding=UTF8&amp;pd_rd_w=q1vxB&amp;pf_rd_p=ca4446e4-1083-4d6c-9a85-b039bd62054b&amp;pf_rd_r=20WSD1GPYE79B706TWPQ&amp;pd_rd_r=7a7829d9-690d-4aaa-b2c7-262ef26c0e6c&amp;pd_rd_wg=6Peg4&amp;ref_=pd_gw_unk expected [true] but found [false],
	503 -:- https://www.amazon.ca/John-Wick-Chapter-Blu-ray-Bilingual/dp/B06ZZ5RMNH/?_encoding=UTF8&amp;pd_rd_w=q1vxB&amp;pf_rd_p=ca4446e4-1083-4d6c-9a85-b039bd62054b&amp;pf_rd_r=20WSD1GPYE79B706TWPQ&amp;pd_rd_r=7a7829d9-690d-4aaa-b2c7-262ef26c0e6c&amp;pd_rd_wg=6Peg4&amp;ref_=pd_gw_unk expected [true] but found [false],
	503 -:- https://www.amazon.ca/Guardians-Galaxy-Blu-ray-Digital-Bilingual/dp/B06ZXWR8C5/?_encoding=UTF8&amp;pd_rd_w=q1vxB&amp;pf_rd_p=ca4446e4-1083-4d6c-9a85-b039bd62054b&amp;pf_rd_r=20WSD1GPYE79B706TWPQ&amp;pd_rd_r=7a7829d9-690d-4aaa-b2c7-262ef26c0e6c&amp;pd_rd_wg=6Peg4&amp;ref_=pd_gw_unk expected [true] but found [false],
	503 -:- https://www.amazon.ca/Deadpool-Blu-ray-Digital-Copy-Bilingual/dp/B01BT0BFSU/?_encoding=UTF8&amp;pd_rd_w=q1vxB&amp;pf_rd_p=ca4446e4-1083-4d6c-9a85-b039bd62054b&amp;pf_rd_r=20WSD1GPYE79B706TWPQ&amp;pd_rd_r=7a7829d9-690d-4aaa-b2c7-262ef26c0e6c&amp;pd_rd_wg=6Peg4&amp;ref_=pd_gw_unk expected [true] but found [false],
	503 -:- https://www.amazon.ca/dp/B07MJM4F44?plattr=CACBCCFOOT&amp;ref_=nav_cbcc_ca_footer expected [true] but found [false],
	503 -:- https://www.amazon.ca/gp/browse.html?node=21371066011&amp;ref_=footer_swp expected [true] but found [false],
	503 -:- https://www.amazon.ca/gp/gc/create?ref_=footer_reload_ca expected [true] but found [false],
	503 -:- https://www.amazon.ca/gp/browse.html?node=8438004011&amp;ref_=footer_tfx_ca_en expected [true] but found [false],
	503 -:- https://www.amazon.ca/gp/browse.html?node=9230166011&amp;ref_=footer_gift_cards_ca_en expected [true] but found [false],
	503 -:- https://www.amazon.ca/gp/browse.html?node=17321486011&amp;ref_=footer_cash_ca_en expected [true] but found [false],
	503 -:- https://www.amazon.ca/gp/css/returns/homepage.html?ref_=footer_hy_f_4 expected [true] but found [false],
	503 -:- https://www.amazon.ca/?ref_=footer_logo expected [true] but found [false],
	503 -:- https://www.amazon.ca/gp/browse.html?node=16055944011&amp;ref_=_gno_p_foot expected [true] but found [false],
	503 -:- https://www.amazon.ca/gp/browse.html?node=8929975011&amp;ref_=footer_warehouse_deals expected [true] but found [false],
	503 -:- https://www.amazon.ca/gp/browse.html?node=17351028011&amp;ref_=footer_carenew expected [true] but found [false],
	503 -:- https://www.amazon.ca/gp/help/customer/display.html?nodeId=202146130&amp;ref_=footer_iba expected [true] but found [false]" type="java.lang.AssertionError">
      <![CDATA[java.lang.AssertionError: The following asserts failed:
503 -:- https://www.amazon.ca/gp/registry/wishlist?triggerElementID=createList&ref_=nav_ListFlyout_gno_createwl expected [true] but found [false],
403 -:- https://www.amazon.ca/gp/css/homepage.html?ref_=nav_AccountFlyout_ya expected [true] but found [false],
403 -:- https://www.amazon.ca/business/register/org/landing?ref_=nav_AccountFlyout_b2b_reg expected [true] but found [false],
503 -:- https://www.amazon.ca/Best-Sellers-generic/zgbs/?ref_=nav_cs_bestsellers_5e07a0361d744326ae799da4b354adca expected [true] but found [false],
503 -:- https://www.amazon.ca/gp/help/customer/display.html?ref_=nav_cs_help_80966742f8c54e26897f6ff675864430 expected [true] but found [false],
503 -:- https://www.amazon.ca/gp/browse.html?node=2206275011&ref_=nav_cs_home_e30810812540476da315f95f4c1cba0c expected [true] but found [false],
503 -:- https://www.amazon.ca/b/?node=12218500011&ref_=nav_cs_coupons_5c0b5095bded47dc9dbbe58103090fe1 expected [true] but found [false],
503 -:- https://www.amazon.ca/Health-Personal-Care/b/?ie=UTF8&node=6205177011&ref_=nav_cs_hpc_389588d101974a76b1f2a1aec6148be2 expected [true] but found [false],
503 -:- https://www.amazon.ca/video-games-hardware-accessories/b/?ie=UTF8&node=3198031&ref_=nav_cs_video_games_96df7f31fc134377b70784ea57f4ff5c expected [true] but found [false],
503 -:- https://www.amazon.ca/automotive/b/?ie=UTF8&node=6948389011&ref_=nav_cs_automotive_df4975bd27a649d59f0a0f346158957a expected [true] but found [false],
503 -:- https://www.amazon.ca/grocery/b/?ie=UTF8&node=6967215011&ref_=nav_cs_grocery_96a59c746dd945d6a7d9911411f06a1b expected [true] but found [false],
503 -:- https://www.amazon.ca/Beauty/b/?ie=UTF8&node=6205124011&ref_=nav_cs_beauty_46f9bd5d21484218b9b15a4779dcd14a expected [true] but found [false],
503 -:- https://www.amazon.ca/gp/browse.html?node=2972705011&ref_=nav_cs_kindle_books_30c4ac32cf754895b19193fffbb9870c expected [true] but found [false],
503 -:- https://www.amazon.ca/gp/browse.html?node=19700946011&ref_=nav_cs_registry_e33c68e88c844208a181299c83810267 expected [true] but found [false],
503 -:- https://www.amazon.ca/gp/browse.html?node=17386909011&ref_=ods_gw_evg_gwd_btf_smp_quad2_en_06011 expected [true] but found [false],
503 -:- https://www.amazon.ca/stores/page/41142C83-E6F1-4111-9920-256E042CFC98 expected [true] but found [false],
503 -:- https://www.amazon.ca/Crate-61-essential-lemongrass-grapefruit/dp/B07CL4G9CF/?_encoding=UTF8&pd_rd_w=2lUnZ&pf_rd_p=4cea6f64-eab2-4d91-8926-ca33871b7619&pf_rd_r=20WSD1GPYE79B706TWPQ&pd_rd_r=7a7829d9-690d-4aaa-b2c7-262ef26c0e6c&pd_rd_wg=6Peg4&ref_=pd_gw_trq_ed expected [true] but found [false],
503 -:- https://www.amazon.ca/Rose-Leven-Moroccan-Rosewater-Hydrosol/dp/B016LC861A/?_encoding=UTF8&pd_rd_w=2lUnZ&pf_rd_p=4cea6f64-eab2-4d91-8926-ca33871b7619&pf_rd_r=20WSD1GPYE79B706TWPQ&pd_rd_r=7a7829d9-690d-4aaa-b2c7-262ef26c0e6c&pd_rd_wg=6Peg4&ref_=pd_gw_trq_ed expected [true] but found [false],
503 -:- https://www.amazon.ca/Teals-lavender-epsom-salts-kilogram/dp/B071YLD8J6/?_encoding=UTF8&pd_rd_w=2lUnZ&pf_rd_p=4cea6f64-eab2-4d91-8926-ca33871b7619&pf_rd_r=20WSD1GPYE79B706TWPQ&pd_rd_r=7a7829d9-690d-4aaa-b2c7-262ef26c0e6c&pd_rd_wg=6Peg4&ref_=pd_gw_trq_ed expected [true] but found [false],
503 -:- https://www.amazon.ca/Oral-B-Sensitive-Replacement-Electric-Toothbrush/dp/B00006ANDK/?_encoding=UTF8&pd_rd_w=2lUnZ&pf_rd_p=4cea6f64-eab2-4d91-8926-ca33871b7619&pf_rd_r=20WSD1GPYE79B706TWPQ&pd_rd_r=7a7829d9-690d-4aaa-b2c7-262ef26c0e6c&pd_rd_wg=6Peg4&ref_=pd_gw_trq_ed expected [true] but found [false],
503 -:- https://www.amazon.ca/CeraVe-Moisturizing-Lightweight-Moisturizer-Milliliters/dp/B083GG19DS/?_encoding=UTF8&pd_rd_w=2lUnZ&pf_rd_p=4cea6f64-eab2-4d91-8926-ca33871b7619&pf_rd_r=20WSD1GPYE79B706TWPQ&pd_rd_r=7a7829d9-690d-4aaa-b2c7-262ef26c0e6c&pd_rd_wg=6Peg4&ref_=pd_gw_trq_ed expected [true] but found [false],
503 -:- https://www.amazon.ca/Nintendo-Switch-Neon-Blue-Joy%E2%80%91/dp/B07VGRJDFY/?_encoding=UTF8&pd_rd_w=Es9bG&pf_rd_p=0d524680-5784-4706-81b2-6c35f269f5bd&pf_rd_r=20WSD1GPYE79B706TWPQ&pd_rd_r=7a7829d9-690d-4aaa-b2c7-262ef26c0e6c&pd_rd_wg=6Peg4&ref_=pd_gw_crs_zg_bs_3198031 expected [true] but found [false],
503 -:- https://www.amazon.ca/Elgato-Game-Capture-HD60-technology/dp/B01DRWCOGA/?_encoding=UTF8&pd_rd_w=Es9bG&pf_rd_p=0d524680-5784-4706-81b2-6c35f269f5bd&pf_rd_r=20WSD1GPYE79B706TWPQ&pd_rd_r=7a7829d9-690d-4aaa-b2c7-262ef26c0e6c&pd_rd_wg=6Peg4&ref_=pd_gw_crs_zg_bs_3198031 expected [true] but found [false],
503 -:- https://www.amazon.ca/Legend-Zelda-Breath-Wild-Switch/dp/B01N33O68B/?_encoding=UTF8&pd_rd_w=Es9bG&pf_rd_p=0d524680-5784-4706-81b2-6c35f269f5bd&pf_rd_r=20WSD1GPYE79B706TWPQ&pd_rd_r=7a7829d9-690d-4aaa-b2c7-262ef26c0e6c&pd_rd_wg=6Peg4&ref_=pd_gw_crs_zg_bs_3198031 expected [true] but found [false],
503 -:- https://www.amazon.ca/Nintendo-HCCPADFJA-Super-Mario-Party/dp/B07DQ7KC8Q/?_encoding=UTF8&pd_rd_w=Es9bG&pf_rd_p=0d524680-5784-4706-81b2-6c35f269f5bd&pf_rd_r=20WSD1GPYE79B706TWPQ&pd_rd_r=7a7829d9-690d-4aaa-b2c7-262ef26c0e6c&pd_rd_wg=6Peg4&ref_=pd_gw_crs_zg_bs_3198031 expected [true] but found [false],
503 -:- https://www.amazon.ca/SanDisk-MicroSDXC-Nintendo-Switch-SDSQXAO-128G-GNCZN/dp/B07KXQX3S3/?_encoding=UTF8&pd_rd_w=Es9bG&pf_rd_p=0d524680-5784-4706-81b2-6c35f269f5bd&pf_rd_r=20WSD1GPYE79B706TWPQ&pd_rd_r=7a7829d9-690d-4aaa-b2c7-262ef26c0e6c&pd_rd_wg=6Peg4&ref_=pd_gw_crs_zg_bs_3198031 expected [true] but found [false],
503 -:- https://www.amazon.ca/PULSE-3D-Wireless-Headset-Pulse/dp/B08GSBRR9Q/?_encoding=UTF8&pd_rd_w=Es9bG&pf_rd_p=0d524680-5784-4706-81b2-6c35f269f5bd&pf_rd_r=20WSD1GPYE79B706TWPQ&pd_rd_r=7a7829d9-690d-4aaa-b2c7-262ef26c0e6c&pd_rd_wg=6Peg4&ref_=pd_gw_crs_zg_bs_3198031 expected [true] but found [false],
503 -:- https://www.amazon.ca/Hammermill-Bright-Letter-Sheets-113620/dp/B06XRMJPJC/?_encoding=UTF8&pd_rd_w=E0oIT&pf_rd_p=4cea6f64-eab2-4d91-8926-ca33871b7619&pf_rd_r=20WSD1GPYE79B706TWPQ&pd_rd_r=7a7829d9-690d-4aaa-b2c7-262ef26c0e6c&pd_rd_wg=6Peg4&ref_=pd_gw_trq_ed expected [true] but found [false],
503 -:- https://www.amazon.ca/HP-Tri-Color-Original-Cartridges-N9H63FN/dp/B015IZ1E7E/?_encoding=UTF8&pd_rd_w=E0oIT&pf_rd_p=4cea6f64-eab2-4d91-8926-ca33871b7619&pf_rd_r=20WSD1GPYE79B706TWPQ&pd_rd_r=7a7829d9-690d-4aaa-b2c7-262ef26c0e6c&pd_rd_wg=6Peg4&ref_=pd_gw_trq_ed expected [true] but found [false],
503 -:- https://www.amazon.ca/Public-Mobile-Card-Unlocked-Phones/dp/B07R6P5KBB/?_encoding=UTF8&pd_rd_w=E0oIT&pf_rd_p=4cea6f64-eab2-4d91-8926-ca33871b7619&pf_rd_r=20WSD1GPYE79B706TWPQ&pd_rd_r=7a7829d9-690d-4aaa-b2c7-262ef26c0e6c&pd_rd_wg=6Peg4&ref_=pd_gw_trq_ed expected [true] but found [false],
503 -:- https://www.amazon.ca/First-100-Words-Roger-Priddy/dp/0312510780/?_encoding=UTF8&pd_rd_w=yNENG&pf_rd_p=0d524680-5784-4706-81b2-6c35f269f5bd&pf_rd_r=20WSD1GPYE79B706TWPQ&pd_rd_r=7a7829d9-690d-4aaa-b2c7-262ef26c0e6c&pd_rd_wg=6Peg4&ref_=pd_gw_crs_zg_bs_916520 expected [true] but found [false],
503 -:- https://www.amazon.ca/Atlas-Six-Olivie-Blake/dp/167991099X/?_encoding=UTF8&pd_rd_w=yNENG&pf_rd_p=0d524680-5784-4706-81b2-6c35f269f5bd&pf_rd_r=20WSD1GPYE79B706TWPQ&pd_rd_r=7a7829d9-690d-4aaa-b2c7-262ef26c0e6c&pd_rd_wg=6Peg4&ref_=pd_gw_crs_zg_bs_916520 expected [true] but found [false],
503 -:- https://www.amazon.ca/Five-Little-Indians-Michelle-Good/dp/1443459186/?_encoding=UTF8&pd_rd_w=yNENG&pf_rd_p=0d524680-5784-4706-81b2-6c35f269f5bd&pf_rd_r=20WSD1GPYE79B706TWPQ&pd_rd_r=7a7829d9-690d-4aaa-b2c7-262ef26c0e6c&pd_rd_wg=6Peg4&ref_=pd_gw_crs_zg_bs_916520 expected [true] but found [false],
503 -:- https://www.amazon.ca/Atomic-Habits-Proven-Build-Break/dp/0735211299/?_encoding=UTF8&pd_rd_w=yNENG&pf_rd_p=0d524680-5784-4706-81b2-6c35f269f5bd&pf_rd_r=20WSD1GPYE79B706TWPQ&pd_rd_r=7a7829d9-690d-4aaa-b2c7-262ef26c0e6c&pd_rd_wg=6Peg4&ref_=pd_gw_crs_zg_bs_916520 expected [true] but found [false],
503 -:- https://www.amazon.ca/Malibu-Rising-Taylor-Jenkins-Reid/dp/038569220X/?_encoding=UTF8&pd_rd_w=yNENG&pf_rd_p=0d524680-5784-4706-81b2-6c35f269f5bd&pf_rd_r=20WSD1GPYE79B706TWPQ&pd_rd_r=7a7829d9-690d-4aaa-b2c7-262ef26c0e6c&pd_rd_wg=6Peg4&ref_=pd_gw_crs_zg_bs_916520 expected [true] but found [false],
503 -:- https://www.amazon.ca/Blood-Ash-Jennifer-L-Armentrout/dp/1952457009/?_encoding=UTF8&pd_rd_w=yNENG&pf_rd_p=0d524680-5784-4706-81b2-6c35f269f5bd&pf_rd_r=20WSD1GPYE79B706TWPQ&pd_rd_r=7a7829d9-690d-4aaa-b2c7-262ef26c0e6c&pd_rd_wg=6Peg4&ref_=pd_gw_crs_zg_bs_916520 expected [true] but found [false],
503 -:- https://www.amazon.ca/Your-Babys-First-Word-Will/dp/125007181X/?_encoding=UTF8&pd_rd_w=yNENG&pf_rd_p=0d524680-5784-4706-81b2-6c35f269f5bd&pf_rd_r=20WSD1GPYE79B706TWPQ&pd_rd_r=7a7829d9-690d-4aaa-b2c7-262ef26c0e6c&pd_rd_wg=6Peg4&ref_=pd_gw_crs_zg_bs_916520 expected [true] but found [false],
503 -:- https://www.amazon.ca/Goodnight-Moon-Board-Margaret-Brown/dp/0694003611/?_encoding=UTF8&pd_rd_w=yNENG&pf_rd_p=0d524680-5784-4706-81b2-6c35f269f5bd&pf_rd_r=20WSD1GPYE79B706TWPQ&pd_rd_r=7a7829d9-690d-4aaa-b2c7-262ef26c0e6c&pd_rd_wg=6Peg4&ref_=pd_gw_crs_zg_bs_916520 expected [true] but found [false],
503 -:- https://www.amazon.ca/Its-OK-Different-Childrens-Diversity/dp/0973410450/?_encoding=UTF8&pd_rd_w=yNENG&pf_rd_p=0d524680-5784-4706-81b2-6c35f269f5bd&pf_rd_r=20WSD1GPYE79B706TWPQ&pd_rd_r=7a7829d9-690d-4aaa-b2c7-262ef26c0e6c&pd_rd_wg=6Peg4&ref_=pd_gw_crs_zg_bs_916520 expected [true] but found [false],
503 -:- https://www.amazon.ca/Mkicesky-Sleeping-Orthopedic-Ergonomic-Pillowcase/dp/B08FJ9737F/ref=br_msw_pdt-1/146-9613179-8350611?_encoding=UTF8&smid=A2LZE0AJFZI27V&pf_rd_m=A3DWYIK6Y9EEQB&pf_rd_s=&pf_rd_r=20WSD1GPYE79B706TWPQ&pf_rd_t=36701&pf_rd_p=6f84c098-94af-45c7-a44a-99e26ef133bb&pf_rd_i=desktop expected [true] but found [false],
503 -:- https://www.amazon.ca/BOGI-Microfiber-Travel-Sports-Compact/dp/B077VQKR9Y/ref=br_msw_pdt-2/146-9613179-8350611?_encoding=UTF8&smid=A3D24YATG4ZDQZ&pf_rd_m=A3DWYIK6Y9EEQB&pf_rd_s=&pf_rd_r=20WSD1GPYE79B706TWPQ&pf_rd_t=36701&pf_rd_p=6f84c098-94af-45c7-a44a-99e26ef133bb&pf_rd_i=desktop expected [true] but found [false],
503 -:- https://www.amazon.ca/Premiere-Collection-Comfort-Difference-Charcoal/dp/B07DG3PMWK/ref=br_msw_pdt-4/146-9613179-8350611?_encoding=UTF8&smid=ALSACIQQS2IQL&pf_rd_m=A3DWYIK6Y9EEQB&pf_rd_s=&pf_rd_r=20WSD1GPYE79B706TWPQ&pf_rd_t=36701&pf_rd_p=6f84c098-94af-45c7-a44a-99e26ef133bb&pf_rd_i=desktop expected [true] but found [false],
503 -:- https://www.amazon.ca/BESTOPE-Synthetic-Foundation-Blending-Concealers/dp/B07BMRVSFS/ref=br_msw_pdt-6/146-9613179-8350611?_encoding=UTF8&smid=A3T1UHEPNW0KQ8&pf_rd_m=A3DWYIK6Y9EEQB&pf_rd_s=&pf_rd_r=20WSD1GPYE79B706TWPQ&pf_rd_t=36701&pf_rd_p=6f84c098-94af-45c7-a44a-99e26ef133bb&pf_rd_i=desktop expected [true] but found [false],
503 -:- https://www.amazon.ca/RELLECIGA-Womens-Purple-Waisted-Swimwear/dp/B0811LSGYB/ref=br_msw_pdt-10/146-9613179-8350611?_encoding=UTF8&smid=A1Z8HJXEZSSA0O&pf_rd_m=A3DWYIK6Y9EEQB&pf_rd_s=&pf_rd_r=20WSD1GPYE79B706TWPQ&pf_rd_t=36701&pf_rd_p=6f84c098-94af-45c7-a44a-99e26ef133bb&pf_rd_i=desktop expected [true] but found [false],
503 -:- https://www.amazon.ca/Cadrim-Clothes-Steamer-Portable-Handheld/dp/B083SCZ7K7/ref=br_msw_pdt-11/146-9613179-8350611?_encoding=UTF8&smid=A3QWIRA3CQ13JS&pf_rd_m=A3DWYIK6Y9EEQB&pf_rd_s=&pf_rd_r=20WSD1GPYE79B706TWPQ&pf_rd_t=36701&pf_rd_p=6f84c098-94af-45c7-a44a-99e26ef133bb&pf_rd_i=desktop expected [true] but found [false],
503 -:- https://www.amazon.ca/Treatment-Promote-Stretch-C-Sections-Surgical/dp/B08Q2Y1S6L/ref=br_msw_pdt-12/146-9613179-8350611?_encoding=UTF8&smid=A2LBT1C022LJC3&pf_rd_m=A3DWYIK6Y9EEQB&pf_rd_s=&pf_rd_r=20WSD1GPYE79B706TWPQ&pf_rd_t=36701&pf_rd_p=6f84c098-94af-45c7-a44a-99e26ef133bb&pf_rd_i=desktop expected [true] but found [false],
503 -:- https://www.amazon.ca/MLANM-Sleeve-Casual-Slim-fit-Cotton/dp/B08S6XWGTX/ref=br_msw_pdt-14/146-9613179-8350611?_encoding=UTF8&smid=AP2P9RKFCKBNN&pf_rd_m=A3DWYIK6Y9EEQB&pf_rd_s=&pf_rd_r=20WSD1GPYE79B706TWPQ&pf_rd_t=36701&pf_rd_p=6f84c098-94af-45c7-a44a-99e26ef133bb&pf_rd_i=desktop expected [true] but found [false],
503 -:- https://www.amazon.ca/CeraVe-Hydrating-Cleanser-Sensitive-Fragrance-Free/dp/B0843XGN3H/?_encoding=UTF8&pd_rd_w=WAhKX&pf_rd_p=f95190d3-1242-461e-9e1e-c9293cea0789&pf_rd_r=20WSD1GPYE79B706TWPQ&pd_rd_r=7a7829d9-690d-4aaa-b2c7-262ef26c0e6c&pd_rd_wg=6Peg4&ref_=pd_gw_crs_zg_bs_6205124011 expected [true] but found [false],
503 -:- https://www.amazon.ca/MelodySusie-Portable-Electric-Nail-Drill/dp/B01H05EDK0/?_encoding=UTF8&pd_rd_w=WAhKX&pf_rd_p=f95190d3-1242-461e-9e1e-c9293cea0789&pf_rd_r=20WSD1GPYE79B706TWPQ&pd_rd_r=7a7829d9-690d-4aaa-b2c7-262ef26c0e6c&pd_rd_wg=6Peg4&ref_=pd_gw_crs_zg_bs_6205124011 expected [true] but found [false],
503 -:- https://www.amazon.ca/THINKA-PROCEDURE-MASK-EARLOOPS-50pcs/dp/B08K4J9755/?_encoding=UTF8&pd_rd_w=WAhKX&pf_rd_p=f95190d3-1242-461e-9e1e-c9293cea0789&pf_rd_r=20WSD1GPYE79B706TWPQ&pd_rd_r=7a7829d9-690d-4aaa-b2c7-262ef26c0e6c&pd_rd_wg=6Peg4&ref_=pd_gw_crs_zg_bs_6205124011 expected [true] but found [false],
503 -:- https://www.amazon.ca/b?node=18265355011 expected [true] but found [false],
503 -:- https://www.amazon.ca/Brightening-Hyaluronic-Fragrance-Dermatologist-Recommended/dp/B07Q4PY2DQ/ expected [true] but found [false],
503 -:- https://www.amazon.ca/BABOR-CLEANSING-Rose-Toning-Essence/dp/B074KJ5KZS/ expected [true] but found [false],
503 -:- https://www.amazon.ca/Mario-Badescu-Glycolic-Acid-Toner/dp/B000PHZ7HO/ expected [true] but found [false],
503 -:- https://www.amazon.ca/b/?&node=2618860011&pd_rd_w=q1vxB&pf_rd_p=ca4446e4-1083-4d6c-9a85-b039bd62054b&pf_rd_r=20WSD1GPYE79B706TWPQ&pd_rd_r=7a7829d9-690d-4aaa-b2c7-262ef26c0e6c&pd_rd_wg=6Peg4 expected [true] but found [false],
503 -:- https://www.amazon.ca/Tomb-Raider-Bilingual-Blu-Ray-Digital/dp/B07BZBCWV8/?_encoding=UTF8&pd_rd_w=q1vxB&pf_rd_p=ca4446e4-1083-4d6c-9a85-b039bd62054b&pf_rd_r=20WSD1GPYE79B706TWPQ&pd_rd_r=7a7829d9-690d-4aaa-b2c7-262ef26c0e6c&pd_rd_wg=6Peg4&ref_=pd_gw_unk expected [true] but found [false],
503 -:- https://www.amazon.ca/Panther-Blu-ray-Bilingual-Chadwick-Boseman/dp/B079FLP3R2/?_encoding=UTF8&pd_rd_w=q1vxB&pf_rd_p=ca4446e4-1083-4d6c-9a85-b039bd62054b&pf_rd_r=20WSD1GPYE79B706TWPQ&pd_rd_r=7a7829d9-690d-4aaa-b2c7-262ef26c0e6c&pd_rd_wg=6Peg4&ref_=pd_gw_unk expected [true] but found [false],
503 -:- https://www.amazon.ca/Star-Wars-Episode-Blu-ray-Bilingual/dp/B0788FL36D/?_encoding=UTF8&pd_rd_w=q1vxB&pf_rd_p=ca4446e4-1083-4d6c-9a85-b039bd62054b&pf_rd_r=20WSD1GPYE79B706TWPQ&pd_rd_r=7a7829d9-690d-4aaa-b2c7-262ef26c0e6c&pd_rd_wg=6Peg4&ref_=pd_gw_unk expected [true] but found [false],
503 -:- https://www.amazon.ca/Wonder-Woman-Blu-ray-Chris-Wright/dp/B071LSNTVC/?_encoding=UTF8&pd_rd_w=q1vxB&pf_rd_p=ca4446e4-1083-4d6c-9a85-b039bd62054b&pf_rd_r=20WSD1GPYE79B706TWPQ&pd_rd_r=7a7829d9-690d-4aaa-b2c7-262ef26c0e6c&pd_rd_wg=6Peg4&ref_=pd_gw_unk expected [true] but found [false],
503 -:- https://www.amazon.ca/Spider-Man-Homecoming-Bilingual-Tom-Holland/dp/B073S1R6KJ/?_encoding=UTF8&pd_rd_w=q1vxB&pf_rd_p=ca4446e4-1083-4d6c-9a85-b039bd62054b&pf_rd_r=20WSD1GPYE79B706TWPQ&pd_rd_r=7a7829d9-690d-4aaa-b2c7-262ef26c0e6c&pd_rd_wg=6Peg4&ref_=pd_gw_unk expected [true] but found [false],
503 -:- https://www.amazon.ca/Rise-Planet-Apes-Bilingual-Blu-ray/dp/B00JF5G8V6/?_encoding=UTF8&pd_rd_w=q1vxB&pf_rd_p=ca4446e4-1083-4d6c-9a85-b039bd62054b&pf_rd_r=20WSD1GPYE79B706TWPQ&pd_rd_r=7a7829d9-690d-4aaa-b2c7-262ef26c0e6c&pd_rd_wg=6Peg4&ref_=pd_gw_unk expected [true] but found [false],
503 -:- https://www.amazon.ca/X-Men-Ultimate-Blu-ray-Digital-Bilingual/dp/B00KI2FYC4/?_encoding=UTF8&pd_rd_w=q1vxB&pf_rd_p=ca4446e4-1083-4d6c-9a85-b039bd62054b&pf_rd_r=20WSD1GPYE79B706TWPQ&pd_rd_r=7a7829d9-690d-4aaa-b2c7-262ef26c0e6c&pd_rd_wg=6Peg4&ref_=pd_gw_unk expected [true] but found [false],
503 -:- https://www.amazon.ca/Titanic-Blu-ray-Digital-Sous-titres-fran%C3%A7ais/dp/B007UPWIZ8/?_encoding=UTF8&pd_rd_w=q1vxB&pf_rd_p=ca4446e4-1083-4d6c-9a85-b039bd62054b&pf_rd_r=20WSD1GPYE79B706TWPQ&pd_rd_r=7a7829d9-690d-4aaa-b2c7-262ef26c0e6c&pd_rd_wg=6Peg4&ref_=pd_gw_unk expected [true] but found [false],
503 -:- https://www.amazon.ca/John-Wick-Chapter-Blu-ray-Bilingual/dp/B06ZZ5RMNH/?_encoding=UTF8&pd_rd_w=q1vxB&pf_rd_p=ca4446e4-1083-4d6c-9a85-b039bd62054b&pf_rd_r=20WSD1GPYE79B706TWPQ&pd_rd_r=7a7829d9-690d-4aaa-b2c7-262ef26c0e6c&pd_rd_wg=6Peg4&ref_=pd_gw_unk expected [true] but found [false],
503 -:- https://www.amazon.ca/Guardians-Galaxy-Blu-ray-Digital-Bilingual/dp/B06ZXWR8C5/?_encoding=UTF8&pd_rd_w=q1vxB&pf_rd_p=ca4446e4-1083-4d6c-9a85-b039bd62054b&pf_rd_r=20WSD1GPYE79B706TWPQ&pd_rd_r=7a7829d9-690d-4aaa-b2c7-262ef26c0e6c&pd_rd_wg=6Peg4&ref_=pd_gw_unk expected [true] but found [false],
503 -:- https://www.amazon.ca/Deadpool-Blu-ray-Digital-Copy-Bilingual/dp/B01BT0BFSU/?_encoding=UTF8&pd_rd_w=q1vxB&pf_rd_p=ca4446e4-1083-4d6c-9a85-b039bd62054b&pf_rd_r=20WSD1GPYE79B706TWPQ&pd_rd_r=7a7829d9-690d-4aaa-b2c7-262ef26c0e6c&pd_rd_wg=6Peg4&ref_=pd_gw_unk expected [true] but found [false],
503 -:- https://www.amazon.ca/dp/B07MJM4F44?plattr=CACBCCFOOT&ref_=nav_cbcc_ca_footer expected [true] but found [false],
503 -:- https://www.amazon.ca/gp/browse.html?node=21371066011&ref_=footer_swp expected [true] but found [false],
503 -:- https://www.amazon.ca/gp/gc/create?ref_=footer_reload_ca expected [true] but found [false],
503 -:- https://www.amazon.ca/gp/browse.html?node=8438004011&ref_=footer_tfx_ca_en expected [true] but found [false],
503 -:- https://www.amazon.ca/gp/browse.html?node=9230166011&ref_=footer_gift_cards_ca_en expected [true] but found [false],
503 -:- https://www.amazon.ca/gp/browse.html?node=17321486011&ref_=footer_cash_ca_en expected [true] but found [false],
503 -:- https://www.amazon.ca/gp/css/returns/homepage.html?ref_=footer_hy_f_4 expected [true] but found [false],
503 -:- https://www.amazon.ca/?ref_=footer_logo expected [true] but found [false],
503 -:- https://www.amazon.ca/gp/browse.html?node=16055944011&ref_=_gno_p_foot expected [true] but found [false],
503 -:- https://www.amazon.ca/gp/browse.html?node=8929975011&ref_=footer_warehouse_deals expected [true] but found [false],
503 -:- https://www.amazon.ca/gp/browse.html?node=17351028011&ref_=footer_carenew expected [true] but found [false],
503 -:- https://www.amazon.ca/gp/help/customer/display.html?nodeId=202146130&ref_=footer_iba expected [true] but found [false]
at org.testng.asserts.SoftAssert.assertAll(SoftAssert.java:47)
at org.testng.asserts.SoftAssert.assertAll(SoftAssert.java:31)
at testcases.HomePageAmaCheck.getAmountBrokenLinksOnPage(HomePageAmaCheck.java:85)
at java.base/jdk.internal.reflect.NativeMethodAccessorImpl.invoke0(Native Method)
at java.base/jdk.internal.reflect.NativeMethodAccessorImpl.invoke(NativeMethodAccessorImpl.java:62)
at java.base/jdk.internal.reflect.DelegatingMethodAccessorImpl.invoke(DelegatingMethodAccessorImpl.java:43)
at java.base/java.lang.reflect.Method.invoke(Method.java:566)
at org.testng.internal.MethodInvocationHelper.invokeMethod(MethodInvocationHelper.java:133)
at org.testng.internal.TestInvoker.invokeMethod(TestInvoker.java:598)
at org.testng.internal.TestInvoker.invokeTestMethod(TestInvoker.java:173)
at org.testng.internal.MethodRunner.runInSequence(MethodRunner.java:46)
at org.testng.internal.TestInvoker$MethodInvocationAgent.invoke(TestInvoker.java:824)
at org.testng.internal.TestInvoker.invokeTestMethods(TestInvoker.java:146)
at org.testng.internal.TestMethodWorker.invokeTestMethods(TestMethodWorker.java:146)
at org.testng.internal.TestMethodWorker.run(TestMethodWorker.java:128)
at java.base/java.util.ArrayList.forEach(ArrayList.java:1541)
at org.testng.TestRunner.privateRun(TestRunner.java:794)
at org.testng.TestRunner.run(TestRunner.java:596)
at org.testng.SuiteRunner.runTest(SuiteRunner.java:377)
at org.testng.SuiteRunner.access$000(SuiteRunner.java:28)
at org.testng.SuiteRunner$SuiteWorker.run(SuiteRunner.java:418)
at org.testng.internal.thread.ThreadUtil.lambda$execute$0(ThreadUtil.java:64)
at java.base/java.util.concurrent.FutureTask.run(FutureTask.java:264)
at java.base/java.util.concurrent.ThreadPoolExecutor.runWorker(ThreadPoolExecutor.java:1128)
at java.base/java.util.concurrent.ThreadPoolExecutor$Worker.run(ThreadPoolExecutor.java:628)
at java.base/java.lang.Thread.run(Thread.java:834)
]]>
    </failure>
  </testcase> <!-- getAmountBrokenLinksOnPage -->
  <system-out/>
</testsuite> <!-- testcases.HomePageAmaCheck -->
