<?xml version="1.0" encoding="UTF-8"?>
<!-- Generated by org.testng.reporters.JUnitReportReporter -->
<testsuite hostname="DESKTOP-1AO5130" failures="0" tests="11" name="testcases.HomePageValidation" time="59.332" errors="0" timestamp="2021-06-02T22:06:06 EDT" skipped="0">
  <testcase classname="testcases.HomePageValidation" name="numberOfItemsValidation" time="0.051"/>
  <system-out/>
  <testcase classname="testcases.HomePageValidation" name="chooseItemsToCart" time="32.583"/>
  <system-out/>
  <testcase classname="testcases.HomePageValidation" name="clickGoToCartButton" time="0.080"/>
  <system-out/>
  <testcase classname="testcases.HomePageValidation" name="getProductsNumberInCart" time="0.253"/>
  <system-out/>
  <testcase classname="testcases.HomePageValidation" name="pushCartButton" time="1.147"/>
  <system-out/>
  <testcase classname="testcases.HomePageValidation" name="totalAmountCompare" time="0.133"/>
  <system-out/>
  <testcase classname="testcases.HomePageValidation" name="setPromoCode" time="24.686"/>
  <system-out/>
  <testcase classname="testcases.HomePageValidation" name="chooseCountry" time="0.278"/>
  <system-out/>
  <testcase classname="testcases.HomePageValidation" name="clickAgreeCheckBox" time="0.061"/>
  <system-out/>
  <testcase classname="testcases.HomePageValidation" name="clickProceedButton" time="0.059"/>
  <system-out/>
  <testcase classname="testcases.HomePageValidation" name="checkSuccessText" time="0.001"/>
  <system-out/>
</testsuite> <!-- testcases.HomePageValidation -->
