<?xml version="1.0" encoding="UTF-8"?>
<!-- Generated by org.testng.reporters.JUnitReportReporter -->
<testsuite hostname="DESKTOP-1AO5130" failures="0" tests="5" name="testcases.HomePageSearchValidation" time="7.973" errors="0" timestamp="2021-06-02T22:06:06 EDT" skipped="0">
  <testcase classname="testcases.HomePageSearchValidation" name="getSearchField" time="1.765"/>
  <system-out/>
  <testcase classname="testcases.HomePageSearchValidation" name="getSearchField" time="2.350"/>
  <system-out/>
  <testcase classname="testcases.HomePageSearchValidation" name="getSearchField" time="1.426"/>
  <system-out/>
  <testcase classname="testcases.HomePageSearchValidation" name="getSearchField" time="1.323"/>
  <system-out/>
  <testcase classname="testcases.HomePageSearchValidation" name="getSearchField" time="1.109"/>
  <system-out/>
</testsuite> <!-- testcases.HomePageSearchValidation -->
