<?xml version="1.0" encoding="UTF-8"?>
<!-- Generated by org.testng.reporters.JUnitReportReporter -->
<testsuite hostname="DESKTOP-1AO5130" failures="0" tests="14" name="testcases.FlightFieldsValidation" time="13.314" errors="0" timestamp="2021-06-02T22:06:06 EDT" skipped="0">
  <testcase classname="testcases.FlightFieldsValidation" name="airportFromFieldClick" time="0.110"/>
  <system-out/>
  <testcase classname="testcases.FlightFieldsValidation" name="airportFromSearchCheck" time="0.069"/>
  <system-out/>
  <testcase classname="testcases.FlightFieldsValidation" name="checkListAirsFrom" time="0.740"/>
  <system-out/>
  <testcase classname="testcases.FlightFieldsValidation" name="airportArrivalChoose" time="0.095"/>
  <system-out/>
  <testcase classname="testcases.FlightFieldsValidation" name="airportToFieldClick" time="0.084"/>
  <system-out/>
  <testcase classname="testcases.FlightFieldsValidation" name="airportToSearchCheck" time="0.054"/>
  <system-out/>
  <testcase classname="testcases.FlightFieldsValidation" name="checkListAirsTo" time="0.633"/>
  <system-out/>
  <testcase classname="testcases.FlightFieldsValidation" name="airportDestinationChoose" time="0.070"/>
  <system-out/>
  <testcase classname="testcases.FlightFieldsValidation" name="activeDateCheck" time="0.238"/>
  <system-out/>
  <testcase classname="testcases.FlightFieldsValidation" name="dateTripChoose" time="2.403"/>
  <system-out/>
  <testcase classname="testcases.FlightFieldsValidation" name="plusMinusDatesChoose" time="0.145"/>
  <system-out/>
  <testcase classname="testcases.FlightFieldsValidation" name="languageChoose" time="0.110"/>
  <system-out/>
  <testcase classname="testcases.FlightFieldsValidation" name="chooseTravelAirline" time="0.107"/>
  <system-out/>
  <testcase classname="testcases.FlightFieldsValidation" name="buttonSearchClick" time="8.456"/>
  <system-out/>
</testsuite> <!-- testcases.FlightFieldsValidation -->
