<?xml version="1.0" encoding="UTF-8"?>
<!-- Generated by org.testng.reporters.JUnitReportReporter -->
<testsuite hostname="DESKTOP-1AO5130" failures="0" tests="9" name="testcases.TopDealsValidation" time="4.509" errors="0" timestamp="2021-06-02T22:06:06 EDT" skipped="0">
  <testcase classname="testcases.TopDealsValidation" name="dealButtonClick" time="0.354"/>
  <system-out/>
  <testcase classname="testcases.TopDealsValidation" name="clickPageButton" time="0.425"/>
  <system-out/>
  <testcase classname="testcases.TopDealsValidation" name="checkDisableDefaultsFirstButton" time="0.103"/>
  <system-out/>
  <testcase classname="testcases.TopDealsValidation" name="checkNumberItemsDefaultOnPage" time="0.107"/>
  <system-out/>
  <testcase classname="testcases.TopDealsValidation" name="checkNumberItemsInTable" time="0.123"/>
  <system-out/>
  <testcase classname="testcases.TopDealsValidation" name="checkOrderOfItemsByDefault" time="0.170"/>
  <system-out/>
  <testcase classname="testcases.TopDealsValidation" name="checkOrderItemsAfterArrowClick" time="0.181"/>
  <system-out/>
  <testcase classname="testcases.TopDealsValidation" name="checkEnableButtons" time="0.021"/>
  <system-out/>
  <testcase classname="testcases.TopDealsValidation" name="getButtonsText" time="3.025"/>
  <system-out/>
</testsuite> <!-- testcases.TopDealsValidation -->
